<?xml version="1.0" encoding="UTF-8"?>
<!-- Generated by org.testng.reporters.JUnitXMLReporter -->
<testsuite ignored="0" hostname="LAPTOP-4S31CI5D" failures="1" tests="2" name="Test" time="65.659" errors="0" timestamp="2025-11-07T11:59:47 IST">
  <testcase classname="io.cucumber.testng.AbstractTestNGCucumberTests" name="runScenario" time="30.826"/>
  <testcase classname="io.cucumber.testng.AbstractTestNGCucumberTests" name="runScenario" time="30.745">
    <failure type="java.lang.AssertionError" message="The following asserts failed:
	pincode error msg is not matching expected [Please enter a valid pin number] but found [],
	mobile error message is not matching expected [Please enter a valid mobile number] but found []">
      <![CDATA[java.lang.AssertionError: The following asserts failed:
pincode error msg is not matching expected [Please enter a valid pin number] but found [],
mobile error message is not matching expected [Please enter a valid mobile number] but found []
at stepDefinitions.HealthInsurance.validate_error_message(HealthInsurance.java:103)
at ✽.Validate error message(file:///C:/Users/HP/eclipse-workspace/11Oct_BDD/src/test/resources/FeatureFiles/CoverFoxHealthInsurancePlan.feature:17)
... Removed 2 stack frames]]>
    </failure>
  </testcase> <!-- runScenario -->
</testsuite> <!-- Test -->
