<?xml version="1.0" encoding="UTF-8"?>
<testsuite xmlns:xsi="http://www.w3.org/2001/XMLSchema-instance" xsi:noNamespaceSchemaLocation="https://maven.apache.org/surefire/maven-surefire-plugin/xsd/surefire-test-report.xsd" version="3.0.2" name="TestSuite" time="77.987" tests="2" errors="0" skipped="0" failures="0">
  <properties>
[...]
</properties>
  <testcase name="runScenario[&quot;TC01:Validate Coverfox Health Insurance Plan For Single Person&quot;, &quot;CoverFox Health Insurance Test&quot;](1)" classname="runner.HealthInsuranceRunner" time="37.048">
    <system-out><![CDATA[
&amp#27;[1mScenario:&amp#27;[22m TC01:Validate Coverfox Health Insurance Plan For Single Person                       &amp#27;[90m# file:///C:/Users/HP/eclipse-workspace/11Oct_BDD/src/test/resources/FeatureFiles/CoverFoxHealthInsurancePlan.feature:2&amp#27;[39m
Reading browserand value is chrome
Setting browser as chrome
Reading urland value is https://www.coverfox.com/
I am on Home Page
  &amp#27;[32m✔&amp#27;[39m &amp#27;[32m&amp#27;[1mGiven &amp#27;[22mI am on Home Page&amp#27;[39m                                                                    &amp#27;[90m# stepDefinitions.HealthInsurance.i_am_on_home_page()&amp#27;[39m
I click on getStarted button
  &amp#27;[32m✔&amp#27;[39m &amp#27;[32m&amp#27;[1mWhen &amp#27;[22mI click on getStarted button&amp#27;[39m                                                          &amp#27;[90m# stepDefinitions.HealthInsurance.i_click_on_get_started_button()&amp#27;[39m
I click on next button
  &amp#27;[32m✔&amp#27;[39m &amp#27;[32m&amp#27;[1mAnd &amp#27;[22mI click on next button&amp#27;[39m                                                                 &amp#27;[90m# stepDefinitions.HealthInsurance.i_click_on_next_button()&amp#27;[39m
age as 32
Handling drop down and value is  32 years 
  &amp#27;[32m✔&amp#27;[39m &amp#27;[32m&amp#27;[1mAnd &amp#27;[22mI provide age as &amp#27;[1m"32"&amp#27;[22m and click on Next button&amp#27;[39m                                         &amp#27;[90m# stepDefinitions.HealthInsurance.i_provide_age_as_and_click_on_next_button(java.lang.String)&amp#27;[39m
pincode is 412101mobilr number as7656458767
entering pincode....value is 412101
entering mobile number....value is 7656458767
Clicking on Continue Button
  &amp#27;[32m✔&amp#27;[39m &amp#27;[32m&amp#27;[1mAnd &amp#27;[22mi provide pincode as &amp#27;[1m"412101"&amp#27;[22m , mobNumber as &amp#27;[1m"7656458767"&amp#27;[22m and click on Continue button&amp#27;[39m &amp#27;[90m# stepDefinitions.HealthInsurance.i_provide_pincode_as_mob_number_as_and_click_on_continue_button(java.lang.String,java.lang.String)&amp#27;[39m
maching health insurance plans should be displayes as 48
Maching result:-48 matching Health Insurance Plans
Actual Result is 48
  &amp#27;[32m✔&amp#27;[39m &amp#27;[32m&amp#27;[1mThen &amp#27;[22mmatching health Insurance plan should be displyed as &amp#27;[1m"48"&amp#27;[22m&amp#27;[39m                             &amp#27;[90m# stepDefinitions.HealthInsurance.maching_health_insurance_plan_should_be_displyed_as(java.lang.String)&amp#27;[39m
Closing Browser
]]></system-out>
    <system-err><![CDATA[SLF4J(W): No SLF4J providers were found.
SLF4J(W): Defaulting to no-operation (NOP) logger implementation
SLF4J(W): See https://www.slf4j.org/codes.html#noProviders for further details.
Nov 07, 2025 3:56:13 PM org.openqa.selenium.devtools.CdpVersionFinder findNearestMatch
WARNING: Unable to find an exact match for CDP version 142, returning the closest version; found: 140; Please update to a Selenium version that supports CDP version 142
]]></system-err>
  </testcase>
  <testcase name="runScenario[&quot;TC02:Validate Coverfox Health Insurance Plan For Single Person&quot;, &quot;CoverFox Health Insurance Test&quot;](2)" classname="runner.HealthInsuranceRunner" time="36.407">
    <system-out><![CDATA[
&amp#27;[1mScenario:&amp#27;[22m TC02:Validate Coverfox Health Insurance Plan For Single Person &amp#27;[90m# file:///C:/Users/HP/eclipse-workspace/11Oct_BDD/src/test/resources/FeatureFiles/CoverFoxHealthInsurancePlan.feature:11&amp#27;[39m
Reading browserand value is chrome
Setting browser as chrome
Reading urland value is https://www.coverfox.com/
I click on getStarted button
  &amp#27;[32m✔&amp#27;[39m &amp#27;[32m&amp#27;[1mWhen &amp#27;[22mI click on getStarted button&amp#27;[39m                                    &amp#27;[90m# stepDefinitions.HealthInsurance.i_click_on_get_started_button()&amp#27;[39m
I click on next button
  &amp#27;[32m✔&amp#27;[39m &amp#27;[32m&amp#27;[1mAnd &amp#27;[22mI click on next button&amp#27;[39m                                           &amp#27;[90m# stepDefinitions.HealthInsurance.i_click_on_next_button()&amp#27;[39m
age as 32
Handling drop down and value is  32 years 
  &amp#27;[32m✔&amp#27;[39m &amp#27;[32m&amp#27;[1mAnd &amp#27;[22mI provide age as &amp#27;[1m"32"&amp#27;[22m and click on Next button&amp#27;[39m                   &amp#27;[90m# stepDefinitions.HealthInsurance.i_provide_age_as_and_click_on_next_button(java.lang.String)&amp#27;[39m
Clicking on Continue Button
  &amp#27;[32m✔&amp#27;[39m &amp#27;[32m&amp#27;[1mAnd &amp#27;[22mI click on Continue button&amp#27;[39m                                       &amp#27;[90m# stepDefinitions.HealthInsurance.i_click_on_continue_button()&amp#27;[39m
getting pincode error msg ,msg is 
Please enter a valid pincode
getting mobile error msg ,msg is 
Please enter a valid mobile no.
Pincode error message is matching
Mobile no. error message is matching
  &amp#27;[32m✔&amp#27;[39m &amp#27;[32m&amp#27;[1mThen &amp#27;[22mValidate error message&amp#27;[39m                                          &amp#27;[90m# stepDefinitions.HealthInsurance.validate_error_message()&amp#27;[39m
Closing Browser
]]></system-out>
    <system-err><![CDATA[Nov 07, 2025 3:56:50 PM org.openqa.selenium.devtools.CdpVersionFinder findNearestMatch
WARNING: Unable to find an exact match for CDP version 142, returning the closest version; found: 140; Please update to a Selenium version that supports CDP version 142
]]></system-err>
  </testcase>
</testsuite>