<?xml version="1.0" encoding="UTF-8"?>
<testng-results ignored="0" total="2" passed="2" failed="0" skipped="0">
  <reporter-output>
    <line>
      <![CDATA[Setting browser as chrome]]>
    </line>
    <line>
      <![CDATA[Actual Result is 48]]>
    </line>
    <line>
      <![CDATA[Closing Browser]]>
    </line>
    <line>
      <![CDATA[Setting browser as chrome]]>
    </line>
    <line>
      <![CDATA[getting pincode error msg ,msg is ]]>
    </line>
    <line>
      <![CDATA[getting mobile error msg ,msg is ]]>
    </line>
    <line>
      <![CDATA[Pincode error message is matching]]>
    </line>
    <line>
      <![CDATA[Mobile no. error message is matching]]>
    </line>
    <line>
      <![CDATA[Closing Browser]]>
    </line>
  </reporter-output>
  <suite started-at="2025-11-07T15:47:13 IST" name="Default suite" finished-at="2025-11-07T15:48:30 IST" duration-ms="76939">
    <groups>
      <group name="cucumber">
        <method signature="AbstractTestNGCucumberTests.runScenario(io.cucumber.testng.PickleWrapper,io.cucumber.testng.FeatureWrapper)[pri:0, instance:runner.HealthInsuranceRunner@23348b5d]" name="runScenario" class="io.cucumber.testng.AbstractTestNGCucumberTests"/>
      </group> <!-- cucumber -->
    </groups>
    <test started-at="2025-11-07T15:47:13 IST" name="Default test" finished-at="2025-11-07T15:48:30 IST" duration-ms="76939">
      <class name="runner.HealthInsuranceRunner">
        <test-method is-config="true" signature="setUpClass(org.testng.ITestContext)[pri:0, instance:runner.HealthInsuranceRunner@23348b5d]" started-at="2025-11-07T15:47:13 IST" name="setUpClass" finished-at="2025-11-07T15:47:14 IST" duration-ms="1098" status="PASS">
          <params>
            <param index="0">
              <value>
                <![CDATA[org.testng.TestRunner@15c487a8]]>
              </value>
            </param>
          </params>
          <reporter-output>
          </reporter-output>
        </test-method> <!-- setUpClass -->
        <test-method signature="runScenario(io.cucumber.testng.PickleWrapper,io.cucumber.testng.FeatureWrapper)[pri:0, instance:runner.HealthInsuranceRunner@23348b5d]" started-at="2025-11-07T15:47:14 IST" name="runScenario" description="Runs Cucumber Scenarios" data-provider="scenarios" finished-at="2025-11-07T15:47:52 IST" duration-ms="37335" status="PASS">
          <params>
            <param index="0">
              <value>
                <![CDATA["TC01:Validate Coverfox Health Insurance Plan For Single Person"]]>
              </value>
            </param>
            <param index="1">
              <value>
                <![CDATA["CoverFox Health Insurance Test"]]>
              </value>
            </param>
          </params>
          <reporter-output>
            <line>
              <![CDATA[Setting browser as chrome]]>
            </line>
            <line>
              <![CDATA[Actual Result is 48]]>
            </line>
            <line>
              <![CDATA[Closing Browser]]>
            </line>
          </reporter-output>
        </test-method> <!-- runScenario -->
        <test-method signature="runScenario(io.cucumber.testng.PickleWrapper,io.cucumber.testng.FeatureWrapper)[pri:0, instance:runner.HealthInsuranceRunner@23348b5d]" started-at="2025-11-07T15:47:52 IST" name="runScenario" description="Runs Cucumber Scenarios" data-provider="scenarios" finished-at="2025-11-07T15:48:28 IST" duration-ms="36020" status="PASS">
          <params>
            <param index="0">
              <value>
                <![CDATA["TC02:Validate Coverfox Health Insurance Plan For Single Person"]]>
              </value>
            </param>
            <param index="1">
              <value>
                <![CDATA["CoverFox Health Insurance Test"]]>
              </value>
            </param>
          </params>
          <reporter-output>
            <line>
              <![CDATA[Setting browser as chrome]]>
            </line>
            <line>
              <![CDATA[getting pincode error msg ,msg is ]]>
            </line>
            <line>
              <![CDATA[getting mobile error msg ,msg is ]]>
            </line>
            <line>
              <![CDATA[Pincode error message is matching]]>
            </line>
            <line>
              <![CDATA[Mobile no. error message is matching]]>
            </line>
            <line>
              <![CDATA[Closing Browser]]>
            </line>
          </reporter-output>
        </test-method> <!-- runScenario -->
        <test-method is-config="true" signature="tearDownClass()[pri:0, instance:runner.HealthInsuranceRunner@23348b5d]" started-at="2025-11-07T15:48:28 IST" name="tearDownClass" finished-at="2025-11-07T15:48:30 IST" duration-ms="2387" status="PASS">
          <reporter-output>
          </reporter-output>
        </test-method> <!-- tearDownClass -->
      </class> <!-- runner.HealthInsuranceRunner -->
    </test> <!-- Default test -->
  </suite> <!-- Default suite -->
</testng-results>
