<?xml version="1.0" encoding="UTF-8"?>
<!-- Generated by org.testng.reporters.JUnitReportReporter -->
<testsuite hostname="LAPTOP-4S31CI5D" failures="0" tests="2" name="runner.HealthInsuranceRunner" time="73.355" errors="0" timestamp="2025-11-07T15:48:30 IST" skipped="0">
  <testcase classname="runner.HealthInsuranceRunner" name="runScenario" time="36.020">
    <system-out>
      <![CDATA[Setting browser as chrome
getting pincode error msg ,msg is 
getting mobile error msg ,msg is 
Pincode error message is matching
Mobile no. error message is matching
Closing Browser]]>
    </system-out>
  </testcase> <!-- runScenario -->
  <testcase classname="runner.HealthInsuranceRunner" name="runScenario" time="37.335">
    <system-out>
      <![CDATA[Setting browser as chrome
Actual Result is 48
Closing Browser]]>
    </system-out>
  </testcase> <!-- runScenario -->
  <system-out>
    <![CDATA[Setting browser as chrome
Actual Result is 48
Closing Browser
Setting browser as chrome
getting pincode error msg ,msg is 
getting mobile error msg ,msg is 
Pincode error message is matching
Mobile no. error message is matching
Closing Browser]]>
  </system-out>
</testsuite> <!-- runner.HealthInsuranceRunner -->
