<?xml version="1.0" encoding="UTF-8"?>
<!-- Generated by org.testng.reporters.JUnitReportReporter -->
<testsuite hostname="LAPTOP-4S31CI5D" failures="0" tests="3" name="assertionStudy.Demo" time="0.021" errors="0" timestamp="2025-11-03T22:18:31 IST" skipped="0">
  <testcase classname="assertionStudy.Demo" name="a" time="0.016">
    <system-out>
      <![CDATA[Test a]]>
    </system-out>
  </testcase> <!-- a -->
  <testcase classname="assertionStudy.Demo" name="c" time="0.002">
    <system-out>
      <![CDATA[test c]]>
    </system-out>
  </testcase> <!-- c -->
  <testcase classname="assertionStudy.Demo" name="b" time="0.003">
    <system-out>
      <![CDATA[test b]]>
    </system-out>
  </testcase> <!-- b -->
  <system-out>
    <![CDATA[Test a
test b
test c]]>
  </system-out>
</testsuite> <!-- assertionStudy.Demo -->
