<?xml version="1.0" encoding="UTF-8"?>
<!-- Generated by org.testng.reporters.JUnitReportReporter -->
<testsuite hostname="LAPTOP-4S31CI5D" failures="0" tests="2" name="assertionStudy.TestngAnnotations" time="0.020" errors="0" timestamp="2025-11-06T23:42:59 IST" skipped="0">
  <testcase classname="assertionStudy.TestngAnnotations" name="b_resultValidations" time="0.005">
    <system-out>
      <![CDATA[b Result validation]]>
    </system-out>
  </testcase> <!-- b_resultValidations -->
  <testcase classname="assertionStudy.TestngAnnotations" name="a_resultValidations" time="0.015">
    <system-out>
      <![CDATA[a Result validation]]>
    </system-out>
  </testcase> <!-- a_resultValidations -->
  <system-out>
    <![CDATA[before Suit running
before Test
Providing pincode and mobile number
a Result validation
clearing browser history
Providing pincode and mobile number
b Result validation
clearing browser history
close browser
after Test
after Suit running]]>
  </system-out>
</testsuite> <!-- assertionStudy.TestngAnnotations -->
